Loaded pretrained weights for efficientnet-b4
Epoch [1/15], Training Loss: 1.5953, Training Accuracy: 0.5411, Validation Loss: 0.9997, Validation Accuracy: 0.7329
Saving the model with the best validation accuracy
food_main.py:117: UserWarning: Creating a tensor from a list of numpy.ndarrays is extremely slow. Please consider converting the list to a single numpy.ndarray with numpy.array() before converting to a tensor. (Triggered internally at ../torch/csrc/utils/tensor_new.cpp:230.)
  val_outputs = torch.tensor(val_outputs)
Epoch [2/15], Training Loss: 0.6102, Training Accuracy: 0.7396, Validation Loss: 0.8295, Validation Accuracy: 0.7739
Saving the model with the best validation accuracy
Epoch [3/15], Training Loss: 0.5073, Training Accuracy: 0.7915, Validation Loss: 0.7663, Validation Accuracy: 0.7873
Saving the model with the best validation accuracy
Epoch [4/15], Training Loss: 0.3751, Training Accuracy: 0.8418, Validation Loss: 0.7059, Validation Accuracy: 0.8075
Saving the model with the best validation accuracy
Epoch [5/15], Training Loss: 0.6998, Training Accuracy: 0.8544, Validation Loss: 0.6879, Validation Accuracy: 0.8143
Saving the model with the best validation accuracy
Epoch [6/15], Training Loss: 0.3595, Training Accuracy: 0.8609, Validation Loss: 0.6751, Validation Accuracy: 0.8184
Saving the model with the best validation accuracy
Epoch [7/15], Training Loss: 0.2775, Training Accuracy: 0.8682, Validation Loss: 0.6774, Validation Accuracy: 0.8188
Saving the model with the best validation accuracy
Epoch [8/15], Training Loss: 0.5516, Training Accuracy: 0.8692, Validation Loss: 0.6858, Validation Accuracy: 0.8139
Epoch [9/15], Training Loss: 0.9521, Training Accuracy: 0.8686, Validation Loss: 0.6807, Validation Accuracy: 0.8206
Saving the model with the best validation accuracy
Epoch [10/15], Training Loss: 0.5460, Training Accuracy: 0.8710, Validation Loss: 0.6753, Validation Accuracy: 0.8170
Epoch [11/15], Training Loss: 0.2969, Training Accuracy: 0.8707, Validation Loss: 0.6801, Validation Accuracy: 0.8180
Epoch [12/15], Training Loss: 0.3825, Training Accuracy: 0.8708, Validation Loss: 0.6689, Validation Accuracy: 0.8202
Epoch [13/15], Training Loss: 0.8979, Training Accuracy: 0.8706, Validation Loss: 0.6686, Validation Accuracy: 0.8204
Epoch [14/15], Training Loss: 0.3678, Training Accuracy: 0.8712, Validation Loss: 0.6878, Validation Accuracy: 0.8162
Epoch [15/15], Training Loss: 0.3521, Training Accuracy: 0.8726, Validation Loss: 0.6697, Validation Accuracy: 0.8200
Loaded pretrained weights for efficientnet-b4
Training Accuracy using the best model: 0.9173
Validation Accuracy using the best model: 0.8184
