Train set: 95950
Val set: 5050
Class names: ['apple_pie', 'baby_back_ribs', 'baklava', 'beef_carpaccio', 'beef_tartare', 'beet_salad', 'beignets', 'bibimbap', 'bread_pudding', 'breakfast_burrito', 'bruschetta', 'caesar_salad', 'cannoli', 'caprese_salad', 'carrot_cake', 'ceviche', 'cheese_plate', 'cheesecake', 'chicken_curry', 'chicken_quesadilla', 'chicken_wings', 'chocolate_cake', 'chocolate_mousse', 'churros', 'clam_chowder', 'club_sandwich', 'crab_cakes', 'creme_brulee', 'croque_madame', 'cup_cakes', 'deviled_eggs', 'donuts', 'dumplings', 'edamame', 'eggs_benedict', 'escargots', 'falafel', 'filet_mignon', 'fish_and_chips', 'foie_gras', 'french_fries', 'french_onion_soup', 'french_toast', 'fried_calamari', 'fried_rice', 'frozen_yogurt', 'garlic_bread', 'gnocchi', 'greek_salad', 'grilled_cheese_sandwich', 'grilled_salmon', 'guacamole', 'gyoza', 'hamburger', 'hot_and_sour_soup', 'hot_dog', 'huevos_rancheros', 'hummus', 'ice_cream', 'lasagna', 'lobster_bisque', 'lobster_roll_sandwich', 'macaroni_and_cheese', 'macarons', 'miso_soup', 'mussels', 'nachos', 'omelette', 'onion_rings', 'oysters', 'pad_thai', 'paella', 'pancakes', 'panna_cotta', 'peking_duck', 'pho', 'pizza', 'pork_chop', 'poutine', 'prime_rib', 'pulled_pork_sandwich', 'ramen', 'ravioli', 'red_velvet_cake', 'risotto', 'samosa', 'sashimi', 'scallops', 'seaweed_salad', 'shrimp_and_grits', 'spaghetti_bolognese', 'spaghetti_carbonara', 'spring_rolls', 'steak', 'strawberry_shortcake', 'sushi', 'tacos', 'takoyaki', 'tiramisu', 'tuna_tartare', 'waffles']
torch.Size([32, 3, 224, 224])
torch.Size([32])
/home/aemen.mohsin/software/miniconda3/envs/pytorch/lib/python3.7/site-packages/torchvision/models/_utils.py:223: UserWarning: Arguments other than a weight enum or `None` for 'weights' are deprecated since 0.13 and may be removed in the future. The current behavior is equivalent to passing `weights=ResNet34_Weights.IMAGENET1K_V1`. You can also use `weights=ResNet34_Weights.DEFAULT` to get the most up-to-date weights.
  warnings.warn(msg)
1,  train loss: 2.733, validation loss: 1.976
Saving model
2,  train loss: 2.229, validation loss: 1.853
Saving model
3,  train loss: 2.141, validation loss: 1.785
Saving model
4,  train loss: 2.100, validation loss: 1.749
Saving model
5,  train loss: 2.068, validation loss: 1.718
Saving model
6,  train loss: 2.052, validation loss: 1.715
Saving model
7,  train loss: 2.031, validation loss: 1.707
Saving model
8,  train loss: 2.021, validation loss: 1.688
Saving model
9,  train loss: 2.002, validation loss: 1.693
10,  train loss: 1.999, validation loss: 1.679
Saving model
11,  train loss: 1.993, validation loss: 1.663
Saving model
12,  train loss: 1.984, validation loss: 1.659
Saving model
13,  train loss: 1.977, validation loss: 1.662
14,  train loss: 1.968, validation loss: 1.667
15,  train loss: 1.970, validation loss: 1.657
Saving model
Finished Training


Accuracy on the train images: 51.5372589890568 %
Accuracy on the test images: 58.277227722772274 %


Accuracy of apple_pie: 18.00%
Accuracy of baby_back_ribs: 52.00%
Accuracy of baklava: 50.00%
Accuracy of beef_carpaccio: 70.00%
Accuracy of beef_tartare: 50.00%
Accuracy of beet_salad: 42.00%
Accuracy of beignets: 78.00%
Accuracy of bibimbap: 76.00%
Accuracy of bread_pudding: 40.00%
Accuracy of breakfast_burrito: 54.00%
Accuracy of bruschetta: 34.00%
Accuracy of caesar_salad: 78.00%
Accuracy of cannoli: 78.00%
Accuracy of caprese_salad: 48.00%
Accuracy of carrot_cake: 58.00%
Accuracy of ceviche: 28.00%
Accuracy of cheese_plate: 62.00%
Accuracy of cheesecake: 40.00%
Accuracy of chicken_curry: 38.00%
Accuracy of chicken_quesadilla: 44.00%
Accuracy of chicken_wings: 70.00%
Accuracy of chocolate_cake: 54.00%
Accuracy of chocolate_mousse: 50.00%
Accuracy of churros: 72.00%
Accuracy of clam_chowder: 70.00%
Accuracy of club_sandwich: 76.00%
Accuracy of crab_cakes: 40.00%
Accuracy of creme_brulee: 52.00%
Accuracy of croque_madame: 52.00%
Accuracy of cup_cakes: 76.00%
Accuracy of deviled_eggs: 74.00%
Accuracy of donuts: 44.00%
Accuracy of dumplings: 70.00%
Accuracy of edamame: 88.00%
Accuracy of eggs_benedict: 66.00%
Accuracy of escargots: 66.00%
Accuracy of falafel: 32.00%
Accuracy of filet_mignon: 60.00%
Accuracy of fish_and_chips: 70.00%
Accuracy of foie_gras: 46.00%
Accuracy of french_fries: 82.00%
Accuracy of french_onion_soup: 48.00%
Accuracy of french_toast: 44.00%
Accuracy of fried_calamari: 72.00%
Accuracy of fried_rice: 64.00%
Accuracy of frozen_yogurt: 80.00%
Accuracy of garlic_bread: 50.00%
Accuracy of gnocchi: 32.00%
Accuracy of greek_salad: 68.00%
Accuracy of grilled_cheese_sandwich: 26.00%
Accuracy of grilled_salmon: 62.00%
Accuracy of guacamole: 86.00%
Accuracy of gyoza: 68.00%
Accuracy of hamburger: 50.00%
Accuracy of hot_and_sour_soup: 90.00%
Accuracy of hot_dog: 72.00%
Accuracy of huevos_rancheros: 36.00%
Accuracy of hummus: 38.00%
Accuracy of ice_cream: 50.00%
Accuracy of lasagna: 60.00%
Accuracy of lobster_bisque: 64.00%
Accuracy of lobster_roll_sandwich: 78.00%
Accuracy of macaroni_and_cheese: 52.00%
Accuracy of macarons: 94.00%
Accuracy of miso_soup: 88.00%
Accuracy of mussels: 82.00%
Accuracy of nachos: 52.00%
Accuracy of omelette: 40.00%
Accuracy of onion_rings: 82.00%
Accuracy of oysters: 78.00%
Accuracy of pad_thai: 90.00%
Accuracy of paella: 60.00%
Accuracy of pancakes: 52.00%
Accuracy of panna_cotta: 46.00%
Accuracy of peking_duck: 54.00%
Accuracy of pho: 78.00%
Accuracy of pizza: 66.00%
Accuracy of pork_chop: 18.00%
Accuracy of poutine: 72.00%
Accuracy of prime_rib: 40.00%
Accuracy of pulled_pork_sandwich: 64.00%
Accuracy of ramen: 82.00%
Accuracy of ravioli: 30.00%
Accuracy of red_velvet_cake: 76.00%
Accuracy of risotto: 50.00%
Accuracy of samosa: 34.00%
Accuracy of sashimi: 68.00%
Accuracy of scallops: 34.00%
Accuracy of seaweed_salad: 78.00%
Accuracy of shrimp_and_grits: 38.00%
Accuracy of spaghetti_bolognese: 78.00%
Accuracy of spaghetti_carbonara: 88.00%
Accuracy of spring_rolls: 72.00%
Accuracy of steak: 14.00%
Accuracy of strawberry_shortcake: 64.00%
Accuracy of sushi: 62.00%
Accuracy of tacos: 28.00%
Accuracy of takoyaki: 64.00%
Accuracy of tiramisu: 46.00%
Accuracy of tuna_tartare: 20.00%
Accuracy of waffles: 66.00%
