/home/soumini.mohandas/food_11_rn101_main.py:118: UserWarning: Creating a tensor from a list of numpy.ndarrays is extremely slow. Please consider converting the list to a single numpy.ndarray with numpy.array() before converting to a tensor. (Triggered internally at /home/conda/feedstock_root/build_artifacts/libtorch_1706726118919/work/torch/csrc/utils/tensor_new.cpp:261.)
  val_outputs = torch.tensor(val_outputs)
Epoch [1/15], Training Loss: 4.3684, Training Accuracy: 0.0252, Validation Loss: 4.3483, Validation Accuracy: 0.0390
Saving the model with the best validation accuracy
Epoch [2/15], Training Loss: 3.8429, Training Accuracy: 0.0694, Validation Loss: 3.9975, Validation Accuracy: 0.0937
Saving the model with the best validation accuracy
Epoch [3/15], Training Loss: 3.9138, Training Accuracy: 0.1228, Validation Loss: 3.8884, Validation Accuracy: 0.1208
Saving the model with the best validation accuracy
Epoch [4/15], Training Loss: 2.9425, Training Accuracy: 0.1755, Validation Loss: 3.4182, Validation Accuracy: 0.1931
Saving the model with the best validation accuracy
Epoch [5/15], Training Loss: 3.1547, Training Accuracy: 0.1930, Validation Loss: 3.3474, Validation Accuracy: 0.2020
Saving the model with the best validation accuracy
Epoch [6/15], Training Loss: 3.0824, Training Accuracy: 0.2090, Validation Loss: 3.2556, Validation Accuracy: 0.2228
Saving the model with the best validation accuracy
Epoch [7/15], Training Loss: 2.6769, Training Accuracy: 0.2258, Validation Loss: 3.2053, Validation Accuracy: 0.2267
Saving the model with the best validation accuracy
Epoch [8/15], Training Loss: 3.2642, Training Accuracy: 0.2291, Validation Loss: 3.2030, Validation Accuracy: 0.2354
Saving the model with the best validation accuracy
Epoch [9/15], Training Loss: 3.4025, Training Accuracy: 0.2330, Validation Loss: 3.1807, Validation Accuracy: 0.2398
Saving the model with the best validation accuracy
Epoch [10/15], Training Loss: 3.9923, Training Accuracy: 0.2349, Validation Loss: 3.1810, Validation Accuracy: 0.2360
Epoch [11/15], Training Loss: 2.6334, Training Accuracy: 0.2369, Validation Loss: 3.1763, Validation Accuracy: 0.2390
Epoch [12/15], Training Loss: 2.7648, Training Accuracy: 0.2361, Validation Loss: 3.1813, Validation Accuracy: 0.2311
Epoch [13/15], Training Loss: 2.9471, Training Accuracy: 0.2364, Validation Loss: 3.1736, Validation Accuracy: 0.2402
Saving the model with the best validation accuracy
Epoch [14/15], Training Loss: 3.1641, Training Accuracy: 0.2361, Validation Loss: 3.1704, Validation Accuracy: 0.2349
Epoch [15/15], Training Loss: 3.4949, Training Accuracy: 0.2366, Validation Loss: 3.1826, Validation Accuracy: 0.2436
Saving the model with the best validation accuracy
Training Accuracy using the best model: 0.2459
Validation Accuracy using the best model: 0.2354
