/home/soumini.mohandas/food_2_rn101_main.py:118: UserWarning: Creating a tensor from a list of numpy.ndarrays is extremely slow. Please consider converting the list to a single numpy.ndarray with numpy.array() before converting to a tensor. (Triggered internally at /home/conda/feedstock_root/build_artifacts/libtorch_1706726118919/work/torch/csrc/utils/tensor_new.cpp:261.)
  val_outputs = torch.tensor(val_outputs)
Epoch [1/15], Training Loss: 1.0976, Training Accuracy: 0.6399, Validation Loss: 0.8998, Validation Accuracy: 0.7600
Saving the model with the best validation accuracy
Epoch [2/15], Training Loss: 1.0948, Training Accuracy: 0.7782, Validation Loss: 0.8019, Validation Accuracy: 0.7800
Saving the model with the best validation accuracy
Epoch [3/15], Training Loss: 0.8568, Training Accuracy: 0.8144, Validation Loss: 0.7544, Validation Accuracy: 0.7899
Saving the model with the best validation accuracy
Epoch [4/15], Training Loss: 0.1365, Training Accuracy: 0.8806, Validation Loss: 0.6190, Validation Accuracy: 0.8372
Saving the model with the best validation accuracy
Epoch [5/15], Training Loss: 0.4850, Training Accuracy: 0.8993, Validation Loss: 0.6203, Validation Accuracy: 0.8341
Epoch [6/15], Training Loss: 0.0460, Training Accuracy: 0.9104, Validation Loss: 0.6127, Validation Accuracy: 0.8366
Epoch [7/15], Training Loss: 0.2106, Training Accuracy: 0.9216, Validation Loss: 0.5957, Validation Accuracy: 0.8424
Saving the model with the best validation accuracy
Epoch [8/15], Training Loss: 0.3270, Training Accuracy: 0.9228, Validation Loss: 0.6015, Validation Accuracy: 0.8378
Epoch [9/15], Training Loss: 0.1209, Training Accuracy: 0.9250, Validation Loss: 0.6074, Validation Accuracy: 0.8426
Saving the model with the best validation accuracy
Epoch [10/15], Training Loss: 0.5636, Training Accuracy: 0.9257, Validation Loss: 0.6062, Validation Accuracy: 0.8394
Epoch [11/15], Training Loss: 0.1004, Training Accuracy: 0.9261, Validation Loss: 0.6011, Validation Accuracy: 0.8380
Epoch [12/15], Training Loss: 0.1754, Training Accuracy: 0.9250, Validation Loss: 0.6030, Validation Accuracy: 0.8412
Epoch [13/15], Training Loss: 0.5544, Training Accuracy: 0.9258, Validation Loss: 0.6053, Validation Accuracy: 0.8404
Epoch [14/15], Training Loss: 0.4275, Training Accuracy: 0.9261, Validation Loss: 0.6002, Validation Accuracy: 0.8477
Saving the model with the best validation accuracy
Epoch [15/15], Training Loss: 0.1454, Training Accuracy: 0.9257, Validation Loss: 0.6039, Validation Accuracy: 0.8420
Training Accuracy using the best model: 0.9417
Validation Accuracy using the best model: 0.8382
