/home/soumini.mohandas/food_33_rn50_main.py:118: UserWarning: Creating a tensor from a list of numpy.ndarrays is extremely slow. Please consider converting the list to a single numpy.ndarray with numpy.array() before converting to a tensor. (Triggered internally at /home/conda/feedstock_root/build_artifacts/libtorch_1706726118919/work/torch/csrc/utils/tensor_new.cpp:261.)
  val_outputs = torch.tensor(val_outputs)
Epoch [1/20], Training Loss: 1.4919, Training Accuracy: 0.6018, Validation Loss: 1.0369, Validation Accuracy: 0.7184
Saving the model with the best validation accuracy
Epoch [2/20], Training Loss: 0.9391, Training Accuracy: 0.7384, Validation Loss: 0.9379, Validation Accuracy: 0.7463
Saving the model with the best validation accuracy
Epoch [3/20], Training Loss: 0.8665, Training Accuracy: 0.7659, Validation Loss: 0.9135, Validation Accuracy: 0.7515
Saving the model with the best validation accuracy
Epoch [4/20], Training Loss: 0.9149, Training Accuracy: 0.8352, Validation Loss: 0.6914, Validation Accuracy: 0.8089
Saving the model with the best validation accuracy
Epoch [5/20], Training Loss: 1.0358, Training Accuracy: 0.8586, Validation Loss: 0.6520, Validation Accuracy: 0.8242
Saving the model with the best validation accuracy
Epoch [6/20], Training Loss: 0.8742, Training Accuracy: 0.8696, Validation Loss: 0.6575, Validation Accuracy: 0.8218
Epoch [7/20], Training Loss: 0.4080, Training Accuracy: 0.8835, Validation Loss: 0.6393, Validation Accuracy: 0.8325
Saving the model with the best validation accuracy
Epoch [8/20], Training Loss: 1.2601, Training Accuracy: 0.8844, Validation Loss: 0.6401, Validation Accuracy: 0.8259
Epoch [9/20], Training Loss: 0.6937, Training Accuracy: 0.8853, Validation Loss: 0.6410, Validation Accuracy: 0.8295
Epoch [10/20], Training Loss: 0.4667, Training Accuracy: 0.8877, Validation Loss: 0.6336, Validation Accuracy: 0.8299
Epoch [11/20], Training Loss: 0.7078, Training Accuracy: 0.8871, Validation Loss: 0.6431, Validation Accuracy: 0.8283
Epoch [12/20], Training Loss: 0.7926, Training Accuracy: 0.8883, Validation Loss: 0.6379, Validation Accuracy: 0.8273
Epoch [13/20], Training Loss: 0.5122, Training Accuracy: 0.8879, Validation Loss: 0.6416, Validation Accuracy: 0.8257
Epoch [14/20], Training Loss: 0.2056, Training Accuracy: 0.8876, Validation Loss: 0.6401, Validation Accuracy: 0.8248
Epoch [15/20], Training Loss: 0.6210, Training Accuracy: 0.8889, Validation Loss: 0.6411, Validation Accuracy: 0.8283
Epoch [16/20], Training Loss: 0.5285, Training Accuracy: 0.8891, Validation Loss: 0.6358, Validation Accuracy: 0.8263
Epoch [17/20], Training Loss: 0.4256, Training Accuracy: 0.8891, Validation Loss: 0.6432, Validation Accuracy: 0.8289
Epoch [18/20], Training Loss: 0.3080, Training Accuracy: 0.8885, Validation Loss: 0.6408, Validation Accuracy: 0.8253
Epoch [19/20], Training Loss: 0.6428, Training Accuracy: 0.8884, Validation Loss: 0.6227, Validation Accuracy: 0.8311
Epoch [20/20], Training Loss: 0.4581, Training Accuracy: 0.8875, Validation Loss: 0.6321, Validation Accuracy: 0.8275
Training Accuracy using the best model: 0.9061
Validation Accuracy using the best model: 0.8275
