Train set: 95950
Val set: 5050
Class names: ['apple_pie', 'baby_back_ribs', 'baklava', 'beef_carpaccio', 'beef_tartare', 'beet_salad', 'beignets', 'bibimbap', 'bread_pudding', 'breakfast_burrito', 'bruschetta', 'caesar_salad', 'cannoli', 'caprese_salad', 'carrot_cake', 'ceviche', 'cheese_plate', 'cheesecake', 'chicken_curry', 'chicken_quesadilla', 'chicken_wings', 'chocolate_cake', 'chocolate_mousse', 'churros', 'clam_chowder', 'club_sandwich', 'crab_cakes', 'creme_brulee', 'croque_madame', 'cup_cakes', 'deviled_eggs', 'donuts', 'dumplings', 'edamame', 'eggs_benedict', 'escargots', 'falafel', 'filet_mignon', 'fish_and_chips', 'foie_gras', 'french_fries', 'french_onion_soup', 'french_toast', 'fried_calamari', 'fried_rice', 'frozen_yogurt', 'garlic_bread', 'gnocchi', 'greek_salad', 'grilled_cheese_sandwich', 'grilled_salmon', 'guacamole', 'gyoza', 'hamburger', 'hot_and_sour_soup', 'hot_dog', 'huevos_rancheros', 'hummus', 'ice_cream', 'lasagna', 'lobster_bisque', 'lobster_roll_sandwich', 'macaroni_and_cheese', 'macarons', 'miso_soup', 'mussels', 'nachos', 'omelette', 'onion_rings', 'oysters', 'pad_thai', 'paella', 'pancakes', 'panna_cotta', 'peking_duck', 'pho', 'pizza', 'pork_chop', 'poutine', 'prime_rib', 'pulled_pork_sandwich', 'ramen', 'ravioli', 'red_velvet_cake', 'risotto', 'samosa', 'sashimi', 'scallops', 'seaweed_salad', 'shrimp_and_grits', 'spaghetti_bolognese', 'spaghetti_carbonara', 'spring_rolls', 'steak', 'strawberry_shortcake', 'sushi', 'tacos', 'takoyaki', 'tiramisu', 'tuna_tartare', 'waffles']
torch.Size([32, 3, 224, 224])
torch.Size([32])
/home/aemen.mohsin/software/miniconda3/envs/pytorch/lib/python3.7/site-packages/torchvision/models/_utils.py:223: UserWarning: Arguments other than a weight enum or `None` for 'weights' are deprecated since 0.13 and may be removed in the future. The current behavior is equivalent to passing `weights=ResNet34_Weights.IMAGENET1K_V1`. You can also use `weights=ResNet34_Weights.DEFAULT` to get the most up-to-date weights.
  warnings.warn(msg)
1,  train loss: 2.729, validation loss: 1.979
Saving model
2,  train loss: 2.218, validation loss: 1.843
Saving model
3,  train loss: 2.140, validation loss: 1.796
Saving model
4,  train loss: 2.096, validation loss: 1.750
Saving model
5,  train loss: 2.060, validation loss: 1.734
Saving model
6,  train loss: 1.993, validation loss: 1.689
Saving model
7,  train loss: 1.987, validation loss: 1.681
Saving model
8,  train loss: 1.979, validation loss: 1.679
Saving model
9,  train loss: 1.981, validation loss: 1.676
Saving model
10,  train loss: 1.975, validation loss: 1.676
Saving model
11,  train loss: 1.967, validation loss: 1.671
Saving model
12,  train loss: 1.962, validation loss: 1.670
Saving model
13,  train loss: 1.965, validation loss: 1.670
Saving model
14,  train loss: 1.959, validation loss: 1.669
Saving model
15,  train loss: 1.967, validation loss: 1.669
Finished Training


Accuracy on the train images: 51.60812923397603 %
Accuracy on the test images: 58.53465346534654 %


Accuracy of apple_pie: 34.00%
Accuracy of baby_back_ribs: 62.00%
Accuracy of baklava: 56.00%
Accuracy of beef_carpaccio: 72.00%
Accuracy of beef_tartare: 52.00%
Accuracy of beet_salad: 44.00%
Accuracy of beignets: 74.00%
Accuracy of bibimbap: 76.00%
Accuracy of bread_pudding: 36.00%
Accuracy of breakfast_burrito: 54.00%
Accuracy of bruschetta: 40.00%
Accuracy of caesar_salad: 76.00%
Accuracy of cannoli: 70.00%
Accuracy of caprese_salad: 56.00%
Accuracy of carrot_cake: 60.00%
Accuracy of ceviche: 30.00%
Accuracy of cheese_plate: 68.00%
Accuracy of cheesecake: 30.00%
Accuracy of chicken_curry: 36.00%
Accuracy of chicken_quesadilla: 46.00%
Accuracy of chicken_wings: 76.00%
Accuracy of chocolate_cake: 48.00%
Accuracy of chocolate_mousse: 40.00%
Accuracy of churros: 74.00%
Accuracy of clam_chowder: 70.00%
Accuracy of club_sandwich: 72.00%
Accuracy of crab_cakes: 32.00%
Accuracy of creme_brulee: 58.00%
Accuracy of croque_madame: 56.00%
Accuracy of cup_cakes: 68.00%
Accuracy of deviled_eggs: 70.00%
Accuracy of donuts: 58.00%
Accuracy of dumplings: 72.00%
Accuracy of edamame: 90.00%
Accuracy of eggs_benedict: 76.00%
Accuracy of escargots: 62.00%
Accuracy of falafel: 40.00%
Accuracy of filet_mignon: 34.00%
Accuracy of fish_and_chips: 62.00%
Accuracy of foie_gras: 32.00%
Accuracy of french_fries: 78.00%
Accuracy of french_onion_soup: 66.00%
Accuracy of french_toast: 38.00%
Accuracy of fried_calamari: 72.00%
Accuracy of fried_rice: 64.00%
Accuracy of frozen_yogurt: 84.00%
Accuracy of garlic_bread: 50.00%
Accuracy of gnocchi: 42.00%
Accuracy of greek_salad: 64.00%
Accuracy of grilled_cheese_sandwich: 36.00%
Accuracy of grilled_salmon: 52.00%
Accuracy of guacamole: 86.00%
Accuracy of gyoza: 66.00%
Accuracy of hamburger: 60.00%
Accuracy of hot_and_sour_soup: 84.00%
Accuracy of hot_dog: 68.00%
Accuracy of huevos_rancheros: 34.00%
Accuracy of hummus: 38.00%
Accuracy of ice_cream: 46.00%
Accuracy of lasagna: 50.00%
Accuracy of lobster_bisque: 66.00%
Accuracy of lobster_roll_sandwich: 80.00%
Accuracy of macaroni_and_cheese: 60.00%
Accuracy of macarons: 92.00%
Accuracy of miso_soup: 86.00%
Accuracy of mussels: 82.00%
Accuracy of nachos: 44.00%
Accuracy of omelette: 34.00%
Accuracy of onion_rings: 82.00%
Accuracy of oysters: 72.00%
Accuracy of pad_thai: 80.00%
Accuracy of paella: 66.00%
Accuracy of pancakes: 58.00%
Accuracy of panna_cotta: 50.00%
Accuracy of peking_duck: 54.00%
Accuracy of pho: 80.00%
Accuracy of pizza: 68.00%
Accuracy of pork_chop: 32.00%
Accuracy of poutine: 68.00%
Accuracy of prime_rib: 58.00%
Accuracy of pulled_pork_sandwich: 58.00%
Accuracy of ramen: 80.00%
Accuracy of ravioli: 30.00%
Accuracy of red_velvet_cake: 76.00%
Accuracy of risotto: 50.00%
Accuracy of samosa: 52.00%
Accuracy of sashimi: 70.00%
Accuracy of scallops: 30.00%
Accuracy of seaweed_salad: 78.00%
Accuracy of shrimp_and_grits: 36.00%
Accuracy of spaghetti_bolognese: 76.00%
Accuracy of spaghetti_carbonara: 86.00%
Accuracy of spring_rolls: 68.00%
Accuracy of steak: 18.00%
Accuracy of strawberry_shortcake: 56.00%
Accuracy of sushi: 64.00%
Accuracy of tacos: 30.00%
Accuracy of takoyaki: 62.00%
Accuracy of tiramisu: 48.00%
Accuracy of tuna_tartare: 22.00%
Accuracy of waffles: 70.00%
