Train set: 95950
Val set: 5050
Class names: ['apple_pie', 'baby_back_ribs', 'baklava', 'beef_carpaccio', 'beef_tartare', 'beet_salad', 'beignets', 'bibimbap', 'bread_pudding', 'breakfast_burrito', 'bruschetta', 'caesar_salad', 'cannoli', 'caprese_salad', 'carrot_cake', 'ceviche', 'cheese_plate', 'cheesecake', 'chicken_curry', 'chicken_quesadilla', 'chicken_wings', 'chocolate_cake', 'chocolate_mousse', 'churros', 'clam_chowder', 'club_sandwich', 'crab_cakes', 'creme_brulee', 'croque_madame', 'cup_cakes', 'deviled_eggs', 'donuts', 'dumplings', 'edamame', 'eggs_benedict', 'escargots', 'falafel', 'filet_mignon', 'fish_and_chips', 'foie_gras', 'french_fries', 'french_onion_soup', 'french_toast', 'fried_calamari', 'fried_rice', 'frozen_yogurt', 'garlic_bread', 'gnocchi', 'greek_salad', 'grilled_cheese_sandwich', 'grilled_salmon', 'guacamole', 'gyoza', 'hamburger', 'hot_and_sour_soup', 'hot_dog', 'huevos_rancheros', 'hummus', 'ice_cream', 'lasagna', 'lobster_bisque', 'lobster_roll_sandwich', 'macaroni_and_cheese', 'macarons', 'miso_soup', 'mussels', 'nachos', 'omelette', 'onion_rings', 'oysters', 'pad_thai', 'paella', 'pancakes', 'panna_cotta', 'peking_duck', 'pho', 'pizza', 'pork_chop', 'poutine', 'prime_rib', 'pulled_pork_sandwich', 'ramen', 'ravioli', 'red_velvet_cake', 'risotto', 'samosa', 'sashimi', 'scallops', 'seaweed_salad', 'shrimp_and_grits', 'spaghetti_bolognese', 'spaghetti_carbonara', 'spring_rolls', 'steak', 'strawberry_shortcake', 'sushi', 'tacos', 'takoyaki', 'tiramisu', 'tuna_tartare', 'waffles']
torch.Size([32, 3, 224, 224])
torch.Size([32])
/home/aemen.mohsin/software/miniconda3/envs/pytorch/lib/python3.7/site-packages/torchvision/models/_utils.py:223: UserWarning: Arguments other than a weight enum or `None` for 'weights' are deprecated since 0.13 and may be removed in the future. The current behavior is equivalent to passing `weights=ResNet18_Weights.IMAGENET1K_V1`. You can also use `weights=ResNet18_Weights.DEFAULT` to get the most up-to-date weights.
  warnings.warn(msg)
1,  train loss: 2.834, validation loss: 2.104
Saving model
2,  train loss: 2.324, validation loss: 1.944
Saving model
3,  train loss: 2.233, validation loss: 1.894
Saving model
4,  train loss: 2.188, validation loss: 1.870
Saving model
5,  train loss: 2.164, validation loss: 1.839
Saving model
6,  train loss: 2.085, validation loss: 1.784
Saving model
7,  train loss: 2.080, validation loss: 1.778
Saving model
8,  train loss: 2.075, validation loss: 1.775
Saving model
9,  train loss: 2.071, validation loss: 1.768
Saving model
10,  train loss: 2.070, validation loss: 1.767
Saving model
11,  train loss: 2.062, validation loss: 1.764
Saving model
12,  train loss: 2.057, validation loss: 1.763
Saving model
13,  train loss: 2.056, validation loss: 1.763
Saving model
14,  train loss: 2.056, validation loss: 1.762
Saving model
15,  train loss: 2.052, validation loss: 1.762
Saving model
Finished Training


Accuracy on the test images: 49.75403856175091 %
Accuracy on the test images: 56.039603960396036 %


Accuracy of apple_pie: 22.00%
Accuracy of baby_back_ribs: 48.00%
Accuracy of baklava: 52.00%
Accuracy of beef_carpaccio: 64.00%
Accuracy of beef_tartare: 62.00%
Accuracy of beet_salad: 46.00%
Accuracy of beignets: 72.00%
Accuracy of bibimbap: 78.00%
Accuracy of bread_pudding: 30.00%
Accuracy of breakfast_burrito: 48.00%
Accuracy of bruschetta: 44.00%
Accuracy of caesar_salad: 78.00%
Accuracy of cannoli: 60.00%
Accuracy of caprese_salad: 50.00%
Accuracy of carrot_cake: 52.00%
Accuracy of ceviche: 38.00%
Accuracy of cheese_plate: 60.00%
Accuracy of cheesecake: 34.00%
Accuracy of chicken_curry: 44.00%
Accuracy of chicken_quesadilla: 44.00%
Accuracy of chicken_wings: 68.00%
Accuracy of chocolate_cake: 44.00%
Accuracy of chocolate_mousse: 38.00%
Accuracy of churros: 62.00%
Accuracy of clam_chowder: 64.00%
Accuracy of club_sandwich: 60.00%
Accuracy of crab_cakes: 28.00%
Accuracy of creme_brulee: 60.00%
Accuracy of croque_madame: 62.00%
Accuracy of cup_cakes: 68.00%
Accuracy of deviled_eggs: 74.00%
Accuracy of donuts: 70.00%
Accuracy of dumplings: 72.00%
Accuracy of edamame: 94.00%
Accuracy of eggs_benedict: 68.00%
Accuracy of escargots: 60.00%
Accuracy of falafel: 42.00%
Accuracy of filet_mignon: 28.00%
Accuracy of fish_and_chips: 50.00%
Accuracy of foie_gras: 18.00%
Accuracy of french_fries: 64.00%
Accuracy of french_onion_soup: 64.00%
Accuracy of french_toast: 44.00%
Accuracy of fried_calamari: 64.00%
Accuracy of fried_rice: 68.00%
Accuracy of frozen_yogurt: 78.00%
Accuracy of garlic_bread: 52.00%
Accuracy of gnocchi: 30.00%
Accuracy of greek_salad: 56.00%
Accuracy of grilled_cheese_sandwich: 40.00%
Accuracy of grilled_salmon: 40.00%
Accuracy of guacamole: 86.00%
Accuracy of gyoza: 60.00%
Accuracy of hamburger: 48.00%
Accuracy of hot_and_sour_soup: 90.00%
Accuracy of hot_dog: 74.00%
Accuracy of huevos_rancheros: 30.00%
Accuracy of hummus: 34.00%
Accuracy of ice_cream: 52.00%
Accuracy of lasagna: 44.00%
Accuracy of lobster_bisque: 70.00%
Accuracy of lobster_roll_sandwich: 74.00%
Accuracy of macaroni_and_cheese: 64.00%
Accuracy of macarons: 88.00%
Accuracy of miso_soup: 88.00%
Accuracy of mussels: 74.00%
Accuracy of nachos: 52.00%
Accuracy of omelette: 24.00%
Accuracy of onion_rings: 80.00%
Accuracy of oysters: 82.00%
Accuracy of pad_thai: 88.00%
Accuracy of paella: 62.00%
Accuracy of pancakes: 50.00%
Accuracy of panna_cotta: 52.00%
Accuracy of peking_duck: 46.00%
Accuracy of pho: 82.00%
Accuracy of pizza: 72.00%
Accuracy of pork_chop: 28.00%
Accuracy of poutine: 60.00%
Accuracy of prime_rib: 54.00%
Accuracy of pulled_pork_sandwich: 54.00%
Accuracy of ramen: 66.00%
Accuracy of ravioli: 20.00%
Accuracy of red_velvet_cake: 74.00%
Accuracy of risotto: 50.00%
Accuracy of samosa: 42.00%
Accuracy of sashimi: 66.00%
Accuracy of scallops: 36.00%
Accuracy of seaweed_salad: 80.00%
Accuracy of shrimp_and_grits: 44.00%
Accuracy of spaghetti_bolognese: 72.00%
Accuracy of spaghetti_carbonara: 82.00%
Accuracy of spring_rolls: 70.00%
Accuracy of steak: 10.00%
Accuracy of strawberry_shortcake: 50.00%
Accuracy of sushi: 52.00%
Accuracy of tacos: 28.00%
Accuracy of takoyaki: 58.00%
Accuracy of tiramisu: 46.00%
Accuracy of tuna_tartare: 26.00%
Accuracy of waffles: 70.00%
